<?xml version="1.0" encoding="UTF-8"?>
<!-- Generated by org.testng.reporters.JUnitXMLReporter -->
<testsuite ignored="2" hostname="BOM-5CG1085LY2" failures="3" tests="27" name="Test" time="518.43" errors="0" timestamp="2023-11-26T14:57:50 IST">
  <testcase classname="com.amazon.Hawk.TestSuites.SearchTestSuite" name="search_products_with_login" time="18.753"/>
  <testcase classname="com.amazon.Hawk.TestSuites.SearchTestSuite" name="search_products_with_login" time="18.155"/>
  <testcase classname="com.amazon.Hawk.TestSuites.SearchTestSuite" name="search_products_with_login" time="18.733"/>
  <testcase classname="com.amazon.Hawk.TestSuites.SearchTestSuite" name="search_products_with_login" time="23.365"/>
  <testcase classname="com.amazon.Hawk.TestSuites.SearchTestSuite" name="search_products_with_login" time="22.765"/>
  <testcase classname="com.amazon.Hawk.TestSuites.SearchTestSuite" name="search_products_with_login" time="25.071"/>
  <testcase classname="com.amazon.Hawk.TestSuites.SearchTestSuite" name="search_products_without_login" time="16.698"/>
  <testcase classname="com.amazon.Hawk.TestSuites.SearchTestSuite" name="search_products_without_login" time="16.762"/>
  <testcase classname="com.amazon.Hawk.TestSuites.SearchTestSuite" name="search_products_without_login" time="13.206"/>
  <testcase classname="com.amazon.Hawk.TestSuites.SearchTestSuite" name="search_products_without_login" time="16.705"/>
  <testcase classname="com.amazon.Hawk.TestSuites.SearchTestSuite" name="search_products_without_login" time="16.672"/>
  <testcase classname="com.amazon.Hawk.TestSuites.SearchTestSuite" name="search_products_without_login" time="19.689"/>
  <testcase classname="com.amazon.Hawk.TestSuites.BuyTestSuite" name="addToCartAndVerify" time="43.474">
    <failure type="org.openqa.selenium.NoSuchElementException" message="no such element: Unable to locate element: {&amp;quot;method&amp;quot;:&amp;quot;xpath&amp;quot;,&amp;quot;selector&amp;quot;:&amp;quot;//input[@value=&amp;apos;Delete&amp;apos;]&amp;quot;}
  (Session info: chrome=119.0.6045.160)
For documentation on this error, please visit: https://www.selenium.dev/documentation/webdriver/troubleshooting/errors#no-such-element-exception
Build info: version: &amp;apos;4.15.0&amp;apos;, revision: &amp;apos;1d14b5521b&amp;apos;
System info: os.name: &amp;apos;Windows 10&amp;apos;, os.arch: &amp;apos;amd64&amp;apos;, os.version: &amp;apos;10.0&amp;apos;, java.version: &amp;apos;21.0.1&amp;apos;
Driver info: org.openqa.selenium.chrome.ChromeDriver
Command: [81c74a9603576fce61e156f1c58b0129, findElement {using=xpath, value=//input[@value=&amp;apos;Delete&amp;apos;]}]
Capabilities {acceptInsecureCerts: false, browserName: chrome, browserVersion: 119.0.6045.160, chrome: {chromedriverVersion: 119.0.6045.105 (38c72552c5e..., userDataDir: C:\Users\gowthrj\AppData\Lo...}, fedcm:accounts: true, goog:chromeOptions: {debuggerAddress: localhost:57131}, networkConnectionEnabled: false, pageLoadStrategy: normal, platformName: windows, proxy: Proxy(), se:cdp: ws://localhost:57131/devtoo..., se:cdpVersion: 119.0.6045.160, setWindowRect: true, strictFileInteractability: false, timeouts: {implicit: 0, pageLoad: 300000, script: 30000}, unhandledPromptBehavior: dismiss and notify, webauthn:extension:credBlob: true, webauthn:extension:largeBlob: true, webauthn:extension:minPinLength: true, webauthn:extension:prf: true, webauthn:virtualAuthenticators: true}
Session ID: 81c74a9603576fce61e156f1c58b0129">
      <![CDATA[org.openqa.selenium.NoSuchElementException: no such element: Unable to locate element: {"method":"xpath","selector":"//input[@value='Delete']"}
  (Session info: chrome=119.0.6045.160)
For documentation on this error, please visit: https://www.selenium.dev/documentation/webdriver/troubleshooting/errors#no-such-element-exception
Build info: version: '4.15.0', revision: '1d14b5521b'
System info: os.name: 'Windows 10', os.arch: 'amd64', os.version: '10.0', java.version: '21.0.1'
Driver info: org.openqa.selenium.chrome.ChromeDriver
Command: [81c74a9603576fce61e156f1c58b0129, findElement {using=xpath, value=//input[@value='Delete']}]
Capabilities {acceptInsecureCerts: false, browserName: chrome, browserVersion: 119.0.6045.160, chrome: {chromedriverVersion: 119.0.6045.105 (38c72552c5e..., userDataDir: C:\Users\gowthrj\AppData\Lo...}, fedcm:accounts: true, goog:chromeOptions: {debuggerAddress: localhost:57131}, networkConnectionEnabled: false, pageLoadStrategy: normal, platformName: windows, proxy: Proxy(), se:cdp: ws://localhost:57131/devtoo..., se:cdpVersion: 119.0.6045.160, setWindowRect: true, strictFileInteractability: false, timeouts: {implicit: 0, pageLoad: 300000, script: 30000}, unhandledPromptBehavior: dismiss and notify, webauthn:extension:credBlob: true, webauthn:extension:largeBlob: true, webauthn:extension:minPinLength: true, webauthn:extension:prf: true, webauthn:virtualAuthenticators: true}
Session ID: 81c74a9603576fce61e156f1c58b0129
at org.openqa.selenium.remote.codec.w3c.W3CHttpResponseCodec.createException(W3CHttpResponseCodec.java:200)
at org.openqa.selenium.remote.codec.w3c.W3CHttpResponseCodec.decode(W3CHttpResponseCodec.java:133)
at org.openqa.selenium.remote.codec.w3c.W3CHttpResponseCodec.decode(W3CHttpResponseCodec.java:52)
at org.openqa.selenium.remote.HttpCommandExecutor.execute(HttpCommandExecutor.java:191)
at org.openqa.selenium.remote.service.DriverCommandExecutor.invokeExecute(DriverCommandExecutor.java:200)
at org.openqa.selenium.remote.service.DriverCommandExecutor.execute(DriverCommandExecutor.java:175)
at org.openqa.selenium.remote.RemoteWebDriver.execute(RemoteWebDriver.java:607)
at org.openqa.selenium.remote.ElementLocation$ElementFinder$2.findElement(ElementLocation.java:165)
at org.openqa.selenium.remote.ElementLocation.findElement(ElementLocation.java:59)
at org.openqa.selenium.remote.RemoteWebDriver.findElement(RemoteWebDriver.java:364)
at org.openqa.selenium.remote.RemoteWebDriver.findElement(RemoteWebDriver.java:358)
at org.openqa.selenium.support.pagefactory.DefaultElementLocator.findElement(DefaultElementLocator.java:68)
at org.openqa.selenium.support.pagefactory.internal.LocatingElementHandler.invoke(LocatingElementHandler.java:38)
at jdk.proxy2/jdk.proxy2.$Proxy14.click(Unknown Source)
at com.amazon.Hawk.Pages.BuyPO.deleteProductsFromCart(BuyPO.java:59)
at com.amazon.Hawk.TestSuites.BuyTestSuite.addToCartAndVerify(BuyTestSuite.java:42)
at java.base/java.util.ArrayList.forEach(ArrayList.java:1596)
... Removed 28 stack frames]]>
    </failure>
  </testcase> <!-- addToCartAndVerify -->
  <testcase classname="com.amazon.Hawk.TestSuites.BuyTestSuite" name="addToCartAndVerify" time="44.011">
    <failure type="org.openqa.selenium.NoSuchElementException" message="Unable to locate element: //input[@value=&amp;apos;Delete&amp;apos;]
For documentation on this error, please visit: https://www.selenium.dev/documentation/webdriver/troubleshooting/errors#no-such-element-exception
Build info: version: &amp;apos;4.15.0&amp;apos;, revision: &amp;apos;1d14b5521b&amp;apos;
System info: os.name: &amp;apos;Windows 10&amp;apos;, os.arch: &amp;apos;amd64&amp;apos;, os.version: &amp;apos;10.0&amp;apos;, java.version: &amp;apos;21.0.1&amp;apos;
Driver info: org.openqa.selenium.firefox.FirefoxDriver
Command: [5185e41d-3549-4b28-93f3-02b873e3c6eb, findElement {using=xpath, value=//input[@value=&amp;apos;Delete&amp;apos;]}]
Capabilities {acceptInsecureCerts: true, browserName: firefox, browserVersion: 115.4.0, moz:accessibilityChecks: false, moz:buildID: 20231016232700, moz:debuggerAddress: 127.0.0.1:15675, moz:geckodriverVersion: 0.33.0, moz:headless: false, moz:platformVersion: 10.0, moz:processID: 7240, moz:profile: C:\Users\gowthrj\AppData\Lo..., moz:shutdownTimeout: 60000, moz:useNonSpecCompliantPointerOrigin: false, moz:webdriverClick: true, moz:windowless: false, pageLoadStrategy: normal, platformName: windows, proxy: Proxy(), se:cdp: ws://127.0.0.1:15675/devtoo..., se:cdpVersion: 85.0, setWindowRect: true, strictFileInteractability: false, timeouts: {implicit: 0, pageLoad: 300000, script: 30000}, unhandledPromptBehavior: dismiss and notify}
Session ID: 5185e41d-3549-4b28-93f3-02b873e3c6eb">
      <![CDATA[org.openqa.selenium.NoSuchElementException: Unable to locate element: //input[@value='Delete']
For documentation on this error, please visit: https://www.selenium.dev/documentation/webdriver/troubleshooting/errors#no-such-element-exception
Build info: version: '4.15.0', revision: '1d14b5521b'
System info: os.name: 'Windows 10', os.arch: 'amd64', os.version: '10.0', java.version: '21.0.1'
Driver info: org.openqa.selenium.firefox.FirefoxDriver
Command: [5185e41d-3549-4b28-93f3-02b873e3c6eb, findElement {using=xpath, value=//input[@value='Delete']}]
Capabilities {acceptInsecureCerts: true, browserName: firefox, browserVersion: 115.4.0, moz:accessibilityChecks: false, moz:buildID: 20231016232700, moz:debuggerAddress: 127.0.0.1:15675, moz:geckodriverVersion: 0.33.0, moz:headless: false, moz:platformVersion: 10.0, moz:processID: 7240, moz:profile: C:\Users\gowthrj\AppData\Lo..., moz:shutdownTimeout: 60000, moz:useNonSpecCompliantPointerOrigin: false, moz:webdriverClick: true, moz:windowless: false, pageLoadStrategy: normal, platformName: windows, proxy: Proxy(), se:cdp: ws://127.0.0.1:15675/devtoo..., se:cdpVersion: 85.0, setWindowRect: true, strictFileInteractability: false, timeouts: {implicit: 0, pageLoad: 300000, script: 30000}, unhandledPromptBehavior: dismiss and notify}
Session ID: 5185e41d-3549-4b28-93f3-02b873e3c6eb
at org.openqa.selenium.remote.codec.w3c.W3CHttpResponseCodec.createException(W3CHttpResponseCodec.java:200)
at org.openqa.selenium.remote.codec.w3c.W3CHttpResponseCodec.decode(W3CHttpResponseCodec.java:133)
at org.openqa.selenium.remote.codec.w3c.W3CHttpResponseCodec.decode(W3CHttpResponseCodec.java:52)
at org.openqa.selenium.remote.HttpCommandExecutor.execute(HttpCommandExecutor.java:191)
at org.openqa.selenium.remote.service.DriverCommandExecutor.invokeExecute(DriverCommandExecutor.java:200)
at org.openqa.selenium.remote.service.DriverCommandExecutor.execute(DriverCommandExecutor.java:175)
at org.openqa.selenium.remote.RemoteWebDriver.execute(RemoteWebDriver.java:607)
at org.openqa.selenium.remote.ElementLocation$ElementFinder$2.findElement(ElementLocation.java:165)
at org.openqa.selenium.remote.ElementLocation.findElement(ElementLocation.java:59)
at org.openqa.selenium.remote.RemoteWebDriver.findElement(RemoteWebDriver.java:364)
at org.openqa.selenium.remote.RemoteWebDriver.findElement(RemoteWebDriver.java:358)
at org.openqa.selenium.support.pagefactory.DefaultElementLocator.findElement(DefaultElementLocator.java:68)
at org.openqa.selenium.support.pagefactory.internal.LocatingElementHandler.invoke(LocatingElementHandler.java:38)
at jdk.proxy2/jdk.proxy2.$Proxy14.click(Unknown Source)
at com.amazon.Hawk.Pages.BuyPO.deleteProductsFromCart(BuyPO.java:59)
at com.amazon.Hawk.TestSuites.BuyTestSuite.addToCartAndVerify(BuyTestSuite.java:42)
at java.base/java.util.ArrayList.forEach(ArrayList.java:1596)
... Removed 28 stack frames]]>
    </failure>
  </testcase> <!-- addToCartAndVerify -->
  <testcase classname="com.amazon.Hawk.TestSuites.BuyTestSuite" name="buyProductAndVerify" time="35.47"/>
  <testcase classname="com.amazon.Hawk.TestSuites.BuyTestSuite" name="cancelOrderAndVerify" time="43.607">
    <failure type="java.lang.AssertionError" message="Order is not cancelled expected [true] but found [false]">
      <![CDATA[java.lang.AssertionError: Order is not cancelled expected [true] but found [false]
at com.amazon.Hawk.TestSuites.BuyTestSuite.cancelOrderAndVerify(BuyTestSuite.java:97)
at java.base/java.util.ArrayList.forEach(ArrayList.java:1596)
... Removed 28 stack frames]]>
    </failure>
  </testcase> <!-- cancelOrderAndVerify -->
  <testcase classname="com.amazon.Hawk.TestSuites.LoginTestSuite" name="login_with_correct_credentials" time="20.364"/>
  <testcase classname="com.amazon.Hawk.TestSuites.LoginTestSuite" name="login_with_correct_credentials" time="28.07"/>
  <testcase classname="com.amazon.Hawk.TestSuites.LoginTestSuite" name="login_with_incorrect_email" time="9.324"/>
  <testcase classname="com.amazon.Hawk.TestSuites.LoginTestSuite" name="login_with_incorrect_email" time="13.395"/>
  <testcase classname="com.amazon.Hawk.TestSuites.LoginTestSuite" name="login_with_incorrect_password" time="18.198"/>
  <testcase classname="com.amazon.Hawk.TestSuites.LoginTestSuite" name="login_with_incorrect_password" time="13.175"/>
  <testcase classname="com.amazon.Hawk.TestSuites.DbTestSuite" name="findDuplicates" time="0.055"/>
  <testcase classname="com.amazon.Hawk.TestSuites.DbTestSuite" name="findMaxPriceProduct" time="0.004"/>
  <testcase classname="com.amazon.Hawk.TestSuites.DbTestSuite" name="verifyMostSoldProduct" time="0.007"/>
  <testcase classname="com.amazon.Hawk.TestSuites.LocalizationTestSuite" name="checkINRCurrencySymbol" time="13.154"/>
  <testcase classname="com.amazon.Hawk.TestSuites.LocalizationTestSuite" name="checkUSDCurrencySymbol" time="8.158"/>
  <testcase classname="com.amazon.Hawk.TestSuites.DbTestSuite" name="createTables" time="0.0">
    <ignored/>
  </testcase> <!-- createTables -->
  <testcase classname="com.amazon.Hawk.TestSuites.DbTestSuite" name="insertData" time="0.0">
    <ignored/>
  </testcase> <!-- insertData -->
</testsuite> <!-- Test -->
